#
# There is insufficient memory for the Java Runtime Environment to continue.
# Native memory allocation (mmap) failed to map 134217728 bytes for G1 virtual space
# Possible reasons:
#   The system is out of physical RAM or swap space
#   The process is running with CompressedOops enabled, and the Java Heap may be blocking the growth of the native heap
# Possible solutions:
#   Reduce memory load on the system
#   Increase physical memory or swap space
#   Check if swap backing store is full
#   Decrease Java heap size (-Xmx/-Xms)
#   Decrease number of Java threads
#   Decrease Java thread stack sizes (-Xss)
#   Set larger code cache with -XX:ReservedCodeCacheSize=
#   JVM is running with Unscaled Compressed Oops mode in which the Java heap is
#     placed in the first 4GB address space. The Java Heap base address is the
#     maximum limit for the native heap growth. Please use -XX:HeapBaseMinAddress
#     to set the Java Heap base and to place the Java Heap above 4GB virtual address.
# This output file may be truncated or incomplete.
#
#  Out of Memory Error (os_windows.cpp:3613), pid=20600, tid=45800
#
# JRE version:  (17.0.9+9) (build )
# Java VM: OpenJDK 64-Bit Server VM (17.0.9+9, mixed mode, sharing, tiered, compressed oops, compressed class ptrs, g1 gc, windows-amd64)
# No core dump will be written. Minidumps are not enabled by default on client versions of Windows
#

---------------  S U M M A R Y ------------

Command Line: org.sonarsource.sonarlint.core.backend.cli.SonarLintServerCli

Host: Intel(R) Core(TM) i5-9300H CPU @ 2.40GHz, 8 cores, 7G,  Windows 10 , 64 bit Build 19041 (10.0.19041.5915)
Time: Sun Aug 31 21:17:17 2025 Türkiye Standart Saati elapsed time: 0.035269 seconds (0d 0h 0m 0s)

---------------  T H R E A D  ---------------

Current thread (0x000001569a834d20):  JavaThread "Unknown thread" [_thread_in_vm, id=45800, stack(0x00000022ceb00000,0x00000022cec00000)]

Stack: [0x00000022ceb00000,0x00000022cec00000]
Native frames: (J=compiled Java code, j=interpreted, Vv=VM code, C=native code)
V  [jvm.dll+0x67cf49]
V  [jvm.dll+0x83478a]
V  [jvm.dll+0x83624e]
V  [jvm.dll+0x8368b3]
V  [jvm.dll+0x247f1f]
V  [jvm.dll+0x679d69]
V  [jvm.dll+0x66e6ba]
V  [jvm.dll+0x307e5b]
V  [jvm.dll+0x30f306]
V  [jvm.dll+0x35f0ce]
V  [jvm.dll+0x35f2ff]
V  [jvm.dll+0x2dea58]
V  [jvm.dll+0x2df9c4]
V  [jvm.dll+0x806031]
V  [jvm.dll+0x36cf31]
V  [jvm.dll+0x7e4aac]
V  [jvm.dll+0x3f07af]
V  [jvm.dll+0x3f23e1]
C  [jli.dll+0x528f]
C  [ucrtbase.dll+0x21bb2]
C  [KERNEL32.DLL+0x17374]
C  [ntdll.dll+0x4cc91]


---------------  P R O C E S S  ---------------

Threads class SMR info:
_java_thread_list=0x00007fff4761ee98, length=0, elements={
}

Java Threads: ( => current thread )

Other Threads:
  0x000001569a892080 GCTaskThread "GC Thread#0" [stack: 0x00000022cec00000,0x00000022ced00000] [id=24724]
  0x000001569a8a2b50 ConcurrentGCThread "G1 Main Marker" [stack: 0x00000022ced00000,0x00000022cee00000] [id=21408]
  0x000001569a8a3c10 ConcurrentGCThread "G1 Conc#0" [stack: 0x00000022cee00000,0x00000022cef00000] [id=26836]

[error occurred during error reporting (printing all threads), id 0xc0000005, EXCEPTION_ACCESS_VIOLATION (0xc0000005) at pc=0x00007fff46ddf497]

VM state: not at safepoint (not fully initialized)

VM Mutex/Monitor currently owned by a thread:  ([mutex/lock_event])
[0x000001569a832420] Heap_lock - owner thread: 0x000001569a834d20

Heap address: 0x0000000081c00000, size: 2020 MB, Compressed Oops mode: 32-bit

CDS archive(s) mapped at: [0x0000000000000000-0x0000000000000000-0x0000000000000000), size 0, SharedBaseAddress: 0x0000000800000000, ArchiveRelocationMode: 1.
Narrow klass base: 0x0000000000000000, Narrow klass shift: 0, Narrow klass range: 0x0

GC Precious Log:
<Empty>

Heap:
 garbage-first heap   total 0K, used 0K [0x0000000081c00000, 0x0000000100000000)
  region size 1024K, 0 young (0K), 0 survivors (0K)

[error occurred during error reporting (printing heap information), id 0xc0000005, EXCEPTION_ACCESS_VIOLATION (0xc0000005) at pc=0x00007fff471c6c79]

GC Heap History (0 events):
No events

Dll operation events (1 events):
Event: 0.023 Loaded shared library C:\USERS\AYSU YÝÐÝT\APPDATA\LOCAL\MICROSOFT\VISUALSTUDIO\17.0_3557F2D7\EXTENSIONS\ZJCEDZ1N.VH0\Sloop\jre\bin\java.dll

Deoptimization events (0 events):
No events

Classes unloaded (0 events):
No events

Classes redefined (0 events):
No events

Internal exceptions (0 events):
No events

VM Operations (0 events):
No events

Events (0 events):
No events


Dynamic libraries:
0x00007ff6bc310000 - 0x00007ff6bc31e000 	C:\USERS\AYSU YÝÐÝT\APPDATA\LOCAL\MICROSOFT\VISUALSTUDIO\17.0_3557F2D7\EXTENSIONS\ZJCEDZ1N.VH0\Sloop\jre\bin\java.exe
0x00007ffff77b0000 - 0x00007ffff79a8000 	C:\WINDOWS\SYSTEM32\ntdll.dll
0x00007ffff5d20000 - 0x00007ffff5de2000 	C:\WINDOWS\System32\KERNEL32.DLL
0x00007ffff52e0000 - 0x00007ffff55d7000 	C:\WINDOWS\System32\KERNELBASE.dll
0x00007ffff4f40000 - 0x00007ffff5040000 	C:\WINDOWS\System32\ucrtbase.dll
0x00007fff8c390000 - 0x00007fff8c3a7000 	C:\USERS\AYSU YÝÐÝT\APPDATA\LOCAL\MICROSOFT\VISUALSTUDIO\17.0_3557F2D7\EXTENSIONS\ZJCEDZ1N.VH0\Sloop\jre\bin\jli.dll
0x00007ffff5b10000 - 0x00007ffff5cad000 	C:\WINDOWS\System32\USER32.dll
0x00007ffff5100000 - 0x00007ffff5122000 	C:\WINDOWS\System32\win32u.dll
0x00007ffff65c0000 - 0x00007ffff65eb000 	C:\WINDOWS\System32\GDI32.dll
0x00007ffff5680000 - 0x00007ffff5799000 	C:\WINDOWS\System32\gdi32full.dll
0x00007ffff55e0000 - 0x00007ffff567d000 	C:\WINDOWS\System32\msvcp_win.dll
0x00007fffdf4b0000 - 0x00007fffdf74a000 	C:\WINDOWS\WinSxS\amd64_microsoft.windows.common-controls_6595b64144ccf1df_6.0.19041.5915_none_60b4b9d171f9c7c7\COMCTL32.dll
0x00007ffff67c0000 - 0x00007ffff685e000 	C:\WINDOWS\System32\msvcrt.dll
0x00007fff8c500000 - 0x00007fff8c51b000 	C:\USERS\AYSU YÝÐÝT\APPDATA\LOCAL\MICROSOFT\VISUALSTUDIO\17.0_3557F2D7\EXTENSIONS\ZJCEDZ1N.VH0\Sloop\jre\bin\VCRUNTIME140.dll
0x00007ffff6a30000 - 0x00007ffff6a5f000 	C:\WINDOWS\System32\IMM32.DLL
0x00007fffdd1c0000 - 0x00007fffdd1cc000 	C:\USERS\AYSU YÝÐÝT\APPDATA\LOCAL\MICROSOFT\VISUALSTUDIO\17.0_3557F2D7\EXTENSIONS\ZJCEDZ1N.VH0\Sloop\jre\bin\vcruntime140_1.dll
0x00007fff61c60000 - 0x00007fff61ced000 	C:\USERS\AYSU YÝÐÝT\APPDATA\LOCAL\MICROSOFT\VISUALSTUDIO\17.0_3557F2D7\EXTENSIONS\ZJCEDZ1N.VH0\Sloop\jre\bin\msvcp140.dll
0x00007fff46af0000 - 0x00007fff47751000 	C:\USERS\AYSU YÝÐÝT\APPDATA\LOCAL\MICROSOFT\VISUALSTUDIO\17.0_3557F2D7\EXTENSIONS\ZJCEDZ1N.VH0\Sloop\jre\bin\server\jvm.dll
0x00007ffff6f50000 - 0x00007ffff7001000 	C:\WINDOWS\System32\ADVAPI32.dll
0x00007ffff59f0000 - 0x00007ffff5a8f000 	C:\WINDOWS\System32\sechost.dll
0x00007ffff6680000 - 0x00007ffff67a6000 	C:\WINDOWS\System32\RPCRT4.dll
0x00007ffff50d0000 - 0x00007ffff50f7000 	C:\WINDOWS\System32\bcrypt.dll
0x00007ffff4370000 - 0x00007ffff43bb000 	C:\WINDOWS\SYSTEM32\POWRPROF.dll
0x00007fffdf200000 - 0x00007fffdf209000 	C:\WINDOWS\SYSTEM32\WSOCK32.dll
0x00007ffff5cb0000 - 0x00007ffff5d1b000 	C:\WINDOWS\System32\WS2_32.dll
0x00007fffec240000 - 0x00007fffec24a000 	C:\WINDOWS\SYSTEM32\VERSION.dll
0x00007fffe19f0000 - 0x00007fffe1a17000 	C:\WINDOWS\SYSTEM32\WINMM.dll
0x00007ffff41e0000 - 0x00007ffff41f2000 	C:\WINDOWS\SYSTEM32\UMPDC.dll
0x00007ffff35f0000 - 0x00007ffff3602000 	C:\WINDOWS\SYSTEM32\kernel.appcore.dll
0x00007fffdc420000 - 0x00007fffdc42a000 	C:\USERS\AYSU YÝÐÝT\APPDATA\LOCAL\MICROSOFT\VISUALSTUDIO\17.0_3557F2D7\EXTENSIONS\ZJCEDZ1N.VH0\Sloop\jre\bin\jimage.dll
0x00007ffff2b30000 - 0x00007ffff2d31000 	C:\WINDOWS\SYSTEM32\DBGHELP.DLL
0x00007fffdea60000 - 0x00007fffdea94000 	C:\WINDOWS\SYSTEM32\dbgcore.DLL
0x00007ffff5040000 - 0x00007ffff50c2000 	C:\WINDOWS\System32\bcryptPrimitives.dll
0x00007fff8ae30000 - 0x00007fff8ae55000 	C:\USERS\AYSU YÝÐÝT\APPDATA\LOCAL\MICROSOFT\VISUALSTUDIO\17.0_3557F2D7\EXTENSIONS\ZJCEDZ1N.VH0\Sloop\jre\bin\java.dll

dbghelp: loaded successfully - version: 4.0.5 - missing functions: none
symbol engine: initialized successfully - sym options: 0x614 - pdb path: .;C:\USERS\AYSU YÝÐÝT\APPDATA\LOCAL\MICROSOFT\VISUALSTUDIO\17.0_3557F2D7\EXTENSIONS\ZJCEDZ1N.VH0\Sloop\jre\bin;C:\WINDOWS\SYSTEM32;C:\WINDOWS\WinSxS\amd64_microsoft.windows.common-controls_6595b64144ccf1df_6.0.19041.5915_none_60b4b9d171f9c7c7;C:\USERS\AYSU YÝÐÝT\APPDATA\LOCAL\MICROSOFT\VISUALSTUDIO\17.0_3557F2D7\EXTENSIONS\ZJCEDZ1N.VH0\Sloop\jre\bin\server

VM Arguments:
java_command: org.sonarsource.sonarlint.core.backend.cli.SonarLintServerCli
java_class_path (initial): C:\USERS\AYSU YÝÐÝT\APPDATA\LOCAL\MICROSOFT\VISUALSTUDIO\17.0_3557F2D7\EXTENSIONS\ZJCEDZ1N.VH0\Sloop\lib\annotations-13.0.jar;C:\USERS\AYSU YÝÐÝT\APPDATA\LOCAL\MICROSOFT\VISUALSTUDIO\17.0_3557F2D7\EXTENSIONS\ZJCEDZ1N.VH0\Sloop\lib\checker-qual-3.43.0.jar;C:\USERS\AYSU YÝÐÝT\APPDATA\LOCAL\MICROSOFT\VISUALSTUDIO\17.0_3557F2D7\EXTENSIONS\ZJCEDZ1N.VH0\Sloop\lib\commons-codec-1.17.2.jar;C:\USERS\AYSU YÝÐÝT\APPDATA\LOCAL\MICROSOFT\VISUALSTUDIO\17.0_3557F2D7\EXTENSIONS\ZJCEDZ1N.VH0\Sloop\lib\commons-compress-1.27.1.jar;C:\USERS\AYSU YÝÐÝT\APPDATA\LOCAL\MICROSOFT\VISUALSTUDIO\17.0_3557F2D7\EXTENSIONS\ZJCEDZ1N.VH0\Sloop\lib\commons-csv-1.13.0.jar;C:\USERS\AYSU YÝÐÝT\APPDATA\LOCAL\MICROSOFT\VISUALSTUDIO\17.0_3557F2D7\EXTENSIONS\ZJCEDZ1N.VH0\Sloop\lib\commons-io-2.18.0.jar;C:\USERS\AYSU YÝÐÝT\APPDATA\LOCAL\MICROSOFT\VISUALSTUDIO\17.0_3557F2D7\EXTENSIONS\ZJCEDZ1N.VH0\Sloop\lib\commons-lang-2.6.jar;C:\USERS\AYSU YÝÐÝT\APPDATA\LOCAL\MICROSOFT\VISUALSTUDIO\17.0_3557F2D7\EXTENSIONS\ZJCEDZ1N.VH0\Sloop\lib\commons-lang3-3.17.0.jar;C:\USERS\AYSU YÝÐÝT\APPDATA\LOCAL\MICROSOFT\VISUALSTUDIO\17.0_3557F2D7\EXTENSIONS\ZJCEDZ1N.VH0\Sloop\lib\error_prone_annotations-2.36.0.jar;C:\USERS\AYSU YÝÐÝT\APPDATA\LOCAL\MICROSOFT\VISUALSTUDIO\17.0_3557F2D7\EXTENSIONS\ZJCEDZ1N.VH0\Sloop\lib\failureaccess-1.0.2.jar;C:\USERS\AYSU YÝÐÝT\APPDATA\LOCAL\MICROSOFT\VISUALSTUDIO\17.0_3557F2D7\EXTENSIONS\ZJCEDZ1N.VH0\Sloop\lib\git-files-blame-2.0.0.2053.jar;C:\USERS\AYSU YÝÐÝT\APPDATA\LOCAL\MICROSOFT\VISUALSTUDIO\17.0_3557F2D7\EXTENSIONS\ZJCEDZ1N.VH0\Sloop\lib\gson-2.10.jar;C:\USERS\AYSU YÝÐÝT\APPDATA\LOCAL\MICROSOFT\VISUALSTUDIO\17.0_3557F2D7\EXTENSIONS\ZJCEDZ1N.VH0\Sloop\lib\guava-33.4.0-jre.jar;C:\USERS\AYSU YÝÐÝT\APPDATA\LOCAL\MICROSOFT\VISUALSTUDIO\17.0_3557F2D7\EXTENSIONS\ZJCEDZ1N.VH0\Sloop\lib\httpclient5-5.4.4.jar;C:\USERS\AYSU YÝÐÝT\APPDATA\LOCAL\MICROSOFT\VISUALSTUDIO\17.0_3557F2D7\EXTENSIONS\ZJCEDZ1N.VH0\Sloop\lib\httpcore5-5.3.2.jar;C:\USERS\AYSU YÝÐÝT\APPDATA\LOCAL\MICROS
Launcher Type: SUN_STANDARD

[Global flags]
     intx CICompilerCount                          = 4                                         {product} {ergonomic}
     uint ConcGCThreads                            = 2                                         {product} {ergonomic}
     uint G1ConcRefinementThreads                  = 8                                         {product} {ergonomic}
   size_t G1HeapRegionSize                         = 1048576                                   {product} {ergonomic}
    uintx GCDrainStackTargetSize                   = 64                                        {product} {ergonomic}
   size_t InitialHeapSize                          = 134217728                                 {product} {ergonomic}
   size_t MarkStackSize                            = 4194304                                   {product} {ergonomic}
   size_t MaxHeapSize                              = 2118123520                                {product} {ergonomic}
   size_t MinHeapDeltaBytes                        = 1048576                                   {product} {ergonomic}
   size_t MinHeapSize                              = 8388608                                   {product} {ergonomic}
    uintx NonNMethodCodeHeapSize                   = 5839372                                {pd product} {ergonomic}
    uintx NonProfiledCodeHeapSize                  = 122909434                              {pd product} {ergonomic}
    uintx ProfiledCodeHeapSize                     = 122909434                              {pd product} {ergonomic}
    uintx ReservedCodeCacheSize                    = 251658240                              {pd product} {ergonomic}
     bool SegmentedCodeCache                       = true                                      {product} {ergonomic}
   size_t SoftMaxHeapSize                          = 2118123520                             {manageable} {ergonomic}
     bool UseCompressedClassPointers               = true                           {product lp64_product} {ergonomic}
     bool UseCompressedOops                        = true                           {product lp64_product} {ergonomic}
     bool UseG1GC                                  = true                                      {product} {ergonomic}
     bool UseLargePagesIndividualAllocation        = false                                  {pd product} {ergonomic}

Logging:
Log output configuration:
 #0: stdout all=warning uptime,level,tags
 #1: stderr all=off uptime,level,tags

Environment Variables:
PATH=C:\Program Files\Common Files\Oracle\Java\javapath;C:\Program Files\Python36\Scripts\;C:\Program Files\Python36\;C:\Python311\Scripts\;C:\Python311\;C:\Program Files (x86)\VMware\VMware Workstation\bin\;C:\Program Files (x86)\Common Files\Oracle\Java\javapath;C:\ProgramData\Oracle\Java\javapath;C:\Windows\system32;C:\Windows;C:\Windows\System32\Wbem;C:\Windows\System32\WindowsPowerShell\v1.0\;C:\Windows\System32\OpenSSH\;C:\Program Files (x86)\NVIDIA Corporation\PhysX\Common;C:\Program Files\NVIDIA Corporation\NVIDIA NvDLISR;C:\WINDOWS\system32;C:\WINDOWS;C:\WINDOWS\System32\Wbem;C:\WINDOWS\System32\WindowsPowerShell\v1.0\;C:\WINDOWS\System32\OpenSSH\;C:\Program Files (x86)\Microsoft SQL Server\150\Tools\Binn\;C:\Program Files\Microsoft SQL Server\150\Tools\Binn\;C:\Program Files (x86)\Microsoft SQL Server\150\DTS\Binn\;C:\Program Files\Microsoft SQL Server\150\DTS\Binn\;C:\Program Files\Microsoft SQL Server\Client SDK\ODBC\170\Tools\Binn\;C:\Program Files\Azure Data Studio\bin;C:\Program Files\Microsoft SQL Server\130\Tools\Binn\;C:\ProgramData\chocolatey\bin;C:\Program Files\dotnet\;C:\Program Files\Docker\Docker\resources\bin;C:\Program Files\Go\bin;C:\sqlite;C:\mingw-w64\bin;C:\Program Files\nodejs\;C:\Program Files\Git\cmd;C:\Program Files\apache-maven-3.9.9\bin;C:\Program Files\MySQL\MySQL Shell 8.0\bin\;C:\Users\AYSU YÝÐÝT\AppData\Local\Microsoft\WindowsApp;C:\Users\AYSU YÝÐÝT\AppData\Local\Programs\Microsoft VS Code\bin;C:\Users\AYSU YÝÐÝT\AppData\Local\GitHubDesktop\bin;C:\Program Files\Azure Data Studio\bin;C:\Users\AYSU YÝÐÝT\.dotnet\tools;C:\Users\AYSU YÝÐÝT\go\bin;C:\sqlite;C:\Users\AYSU YÝÐÝT\AppData\Roaming\npm;C:\Program Files\JetBrains\IntelliJ IDEA Community Edition 2024.3.2.2\bin;
USERNAME=aysu
OS=Windows_NT
PROCESSOR_IDENTIFIER=Intel64 Family 6 Model 158 Stepping 10, GenuineIntel
TMP=C:\Users\AYSUYT~1\AppData\Local\Temp
TEMP=C:\Users\AYSUYT~1\AppData\Local\Temp



Periodic native trim disabled


---------------  S Y S T E M  ---------------

OS:
 Windows 10 , 64 bit Build 19041 (10.0.19041.5915)
OS uptime: 5 days 9:54 hours
Hyper-V role detected

CPU: total 8 (initial active 8) (4 cores per cpu, 2 threads per core) family 6 model 158 stepping 10 microcode 0xc6, cx8, cmov, fxsr, ht, mmx, 3dnowpref, sse, sse2, sse3, ssse3, sse4.1, sse4.2, popcnt, lzcnt, tsc, tscinvbit, avx, avx2, aes, erms, clmul, bmi1, bmi2, adx, fma, vzeroupper, clflush, clflushopt, hv
Processor Information for all 8 processors :
  Max Mhz: 2400, Current Mhz: 2400, Mhz Limit: 2400

Memory: 4k page, system-wide physical 8072M (265M free)
TotalPageFile size 32648M (AvailPageFile size 101M)
current process WorkingSet (physical memory assigned to process): 10M, peak: 10M
current process commit charge ("private bytes"): 60M, peak: 188M

vm_info: OpenJDK 64-Bit Server VM (17.0.9+9) for windows-amd64 JRE (17.0.9+9), built on Oct 26 2023 14:01:42 by "admin" with MS VC++ 16.10 / 16.11 (VS2019)

END.
