#
# There is insufficient memory for the Java Runtime Environment to continue.
# Native memory allocation (malloc) failed to allocate 767376 bytes for Chunk::new
# Possible reasons:
#   The system is out of physical RAM or swap space
#   The process is running with CompressedOops enabled, and the Java Heap may be blocking the growth of the native heap
# Possible solutions:
#   Reduce memory load on the system
#   Increase physical memory or swap space
#   Check if swap backing store is full
#   Decrease Java heap size (-Xmx/-Xms)
#   Decrease number of Java threads
#   Decrease Java thread stack sizes (-Xss)
#   Set larger code cache with -XX:ReservedCodeCacheSize=
#   JVM is running with Unscaled Compressed Oops mode in which the Java heap is
#     placed in the first 4GB address space. The Java Heap base address is the
#     maximum limit for the native heap growth. Please use -XX:HeapBaseMinAddress
#     to set the Java Heap base and to place the Java Heap above 4GB virtual address.
# This output file may be truncated or incomplete.
#
#  Out of Memory Error (arena.cpp:191), pid=26888, tid=41640
#
# JRE version: OpenJDK Runtime Environment Temurin-17.0.9+9 (17.0.9+9) (build 17.0.9+9)
# Java VM: OpenJDK 64-Bit Server VM Temurin-17.0.9+9 (17.0.9+9, mixed mode, sharing, tiered, compressed oops, compressed class ptrs, g1 gc, windows-amd64)
# No core dump will be written. Minidumps are not enabled by default on client versions of Windows
#

---------------  S U M M A R Y ------------

Command Line: org.sonarsource.sonarlint.core.backend.cli.SonarLintServerCli

Host: Intel(R) Core(TM) i5-9300H CPU @ 2.40GHz, 8 cores, 7G,  Windows 10 , 64 bit Build 19041 (10.0.19041.5915)
Time: Sun Aug 31 21:17:17 2025 Türkiye Standart Saati elapsed time: 14.166937 seconds (0d 0h 0m 14s)

---------------  T H R E A D  ---------------

Current thread (0x0000016d1c900430):  JavaThread "C2 CompilerThread0" daemon [_thread_in_native, id=41640, stack(0x00000059a8d00000,0x00000059a8e00000)]


Current CompileTask:
C2:  14167 3503  s!   4       jdk.internal.loader.URLClassPath::getLoader (196 bytes)

Stack: [0x00000059a8d00000,0x00000059a8e00000]
Native frames: (J=compiled Java code, j=interpreted, Vv=VM code, C=native code)
V  [jvm.dll+0x67cf49]
V  [jvm.dll+0x83478a]
V  [jvm.dll+0x83624e]
V  [jvm.dll+0x8368b3]
V  [jvm.dll+0x247f1f]
V  [jvm.dll+0xac43c]
V  [jvm.dll+0xaca8c]
V  [jvm.dll+0x2af45f]
V  [jvm.dll+0x5853f7]
V  [jvm.dll+0x222f62]
V  [jvm.dll+0x22334f]
V  [jvm.dll+0x21c476]
V  [jvm.dll+0x2198c1]
V  [jvm.dll+0x1a57cd]
V  [jvm.dll+0x2297ae]
V  [jvm.dll+0x22797c]
V  [jvm.dll+0x7e9877]
V  [jvm.dll+0x7e3c3a]
V  [jvm.dll+0x67be35]
C  [ucrtbase.dll+0x21bb2]
C  [KERNEL32.DLL+0x17374]
C  [ntdll.dll+0x4cc91]


---------------  P R O C E S S  ---------------

Threads class SMR info:
_java_thread_list=0x0000016d69588290, length=42, elements={
0x0000016d7f0b8da0, 0x0000016d1c8d8cd0, 0x0000016d1c8d9a90, 0x0000016d1c8f14e0,
0x0000016d1c8f1ea0, 0x0000016d1c8f2860, 0x0000016d1c8f4230, 0x0000016d1c900430,
0x0000016d1c901e40, 0x0000016d1c90c880, 0x0000016d1cb23a50, 0x0000016d1cb306c0,
0x0000016d62729020, 0x0000016d627e7850, 0x0000016d627e7d30, 0x0000016d627b70e0,
0x0000016d68c0af10, 0x0000016d68c0b930, 0x0000016d68c0cd70, 0x0000016d68c0aa00,
0x0000016d68c0b420, 0x0000016d68c0be40, 0x0000016d68c0c350, 0x0000016d68c095c0,
0x0000016d68c09ad0, 0x0000016d68c09fe0, 0x0000016d68c0a4f0, 0x0000016d67ed4e50,
0x0000016d67ed9a40, 0x0000016d67ed76d0, 0x0000016d67ed8600, 0x0000016d67ed5d80,
0x0000016d67ed4940, 0x0000016d67ed6290, 0x0000016d67ed3f20, 0x0000016d67ed5360,
0x0000016d67ed9f50, 0x0000016d67ed7be0, 0x0000016d67ed3500, 0x0000016d67ed8b10,
0x0000016d67eda460, 0x0000016d67ed5870
}

Java Threads: ( => current thread )
  0x0000016d7f0b8da0 JavaThread "main" [_thread_blocked, id=44688, stack(0x00000059a8000000,0x00000059a8100000)]
  0x0000016d1c8d8cd0 JavaThread "Reference Handler" daemon [_thread_blocked, id=42128, stack(0x00000059a8700000,0x00000059a8800000)]
  0x0000016d1c8d9a90 JavaThread "Finalizer" daemon [_thread_blocked, id=24124, stack(0x00000059a8800000,0x00000059a8900000)]
  0x0000016d1c8f14e0 JavaThread "Signal Dispatcher" daemon [_thread_blocked, id=44448, stack(0x00000059a8900000,0x00000059a8a00000)]
  0x0000016d1c8f1ea0 JavaThread "Attach Listener" daemon [_thread_blocked, id=45220, stack(0x00000059a8a00000,0x00000059a8b00000)]
  0x0000016d1c8f2860 JavaThread "Service Thread" daemon [_thread_blocked, id=38484, stack(0x00000059a8b00000,0x00000059a8c00000)]
  0x0000016d1c8f4230 JavaThread "Monitor Deflation Thread" daemon [_thread_blocked, id=3248, stack(0x00000059a8c00000,0x00000059a8d00000)]
=>0x0000016d1c900430 JavaThread "C2 CompilerThread0" daemon [_thread_in_native, id=41640, stack(0x00000059a8d00000,0x00000059a8e00000)]
  0x0000016d1c901e40 JavaThread "C1 CompilerThread0" daemon [_thread_blocked, id=16060, stack(0x00000059a8e00000,0x00000059a8f00000)]
  0x0000016d1c90c880 JavaThread "Sweeper thread" daemon [_thread_blocked, id=45084, stack(0x00000059a8f00000,0x00000059a9000000)]
  0x0000016d1cb23a50 JavaThread "Notification Thread" daemon [_thread_blocked, id=32880, stack(0x00000059a9000000,0x00000059a9100000)]
  0x0000016d1cb306c0 JavaThread "Common-Cleaner" daemon [_thread_blocked, id=40224, stack(0x00000059a9200000,0x00000059a9300000)]
  0x0000016d62729020 JavaThread "Server message writer" [_thread_in_Java, id=33724, stack(0x00000059a9a00000,0x00000059a9b00000)]
  0x0000016d627e7850 JavaThread "Server message writer" [_thread_blocked, id=1728, stack(0x00000059a9b00000,0x00000059a9c00000)]
  0x0000016d627e7d30 JavaThread "Server message reader" [_thread_in_native, id=14684, stack(0x00000059a9c00000,0x00000059a9d00000)]
  0x0000016d627b70e0 JavaThread "SonarLint Server RPC sequential executor" [_thread_blocked, id=30808, stack(0x00000059a9d00000,0x00000059a9e00000)]
  0x0000016d68c0af10 JavaThread "httpclient-main-1" daemon [_thread_blocked, id=35432, stack(0x00000059a9e00000,0x00000059a9f00000)]
  0x0000016d68c0b930 JavaThread "httpclient-dispatch-1" daemon [_thread_in_native, id=15996, stack(0x00000059a9f00000,0x00000059aa000000)]
  0x0000016d68c0cd70 JavaThread "httpclient-dispatch-2" daemon [_thread_in_native, id=6652, stack(0x00000059aa000000,0x00000059aa100000)]
  0x0000016d68c0aa00 JavaThread "httpclient-dispatch-3" daemon [_thread_in_native, id=41388, stack(0x00000059aa100000,0x00000059aa200000)]
  0x0000016d68c0b420 JavaThread "httpclient-dispatch-4" daemon [_thread_in_native, id=20860, stack(0x00000059aa200000,0x00000059aa300000)]
  0x0000016d68c0be40 JavaThread "httpclient-dispatch-5" daemon [_thread_in_native, id=8056, stack(0x00000059aa300000,0x00000059aa400000)]
  0x0000016d68c0c350 JavaThread "httpclient-dispatch-6" daemon [_thread_in_native, id=45528, stack(0x00000059aa400000,0x00000059aa500000)]
  0x0000016d68c095c0 JavaThread "httpclient-dispatch-7" daemon [_thread_in_native, id=40528, stack(0x00000059aa500000,0x00000059aa600000)]
  0x0000016d68c09ad0 JavaThread "httpclient-dispatch-8" daemon [_thread_in_native, id=46016, stack(0x00000059aa600000,0x00000059aa700000)]
  0x0000016d68c09fe0 JavaThread "SonarLint Telemetry" [_thread_blocked, id=23012, stack(0x00000059aa800000,0x00000059aa900000)]
  0x0000016d68c0a4f0 JavaThread "HTTP-listener-64129-1" [_thread_in_native, id=13976, stack(0x00000059aaa00000,0x00000059aab00000)]
  0x0000016d67ed4e50 JavaThread "SonarLint Local Storage Synchronizer" [_thread_blocked, id=13680, stack(0x00000059aab00000,0x00000059aac00000)]
  0x0000016d67ed9a40 JavaThread "threadJobProcessorPoolSpawner" daemon [_thread_blocked, id=30912, stack(0x00000059aac00000,0x00000059aad00000)]
  0x0000016d67ed76d0 JavaThread "Exodus shared timer thread" daemon [_thread_blocked, id=42332, stack(0x00000059aad00000,0x00000059aae00000)]
  0x0000016d67ed8600 JavaThread "Exodus shared deferred I/O job processor" daemon [_thread_blocked, id=4364, stack(0x00000059aae00000,0x00000059aaf00000)]
  0x0000016d67ed5d80 JavaThread "Exodus shared background cleaner" daemon [_thread_blocked, id=45280, stack(0x00000059aaf00000,0x00000059ab000000)]
  0x0000016d67ed4940 JavaThread "Exodus shared stuck transaction monitor" daemon [_thread_blocked, id=18680, stack(0x00000059ab000000,0x00000059ab100000)]
  0x0000016d67ed6290 JavaThread "EntityStoreSharedAsyncProcessor0" daemon [_thread_blocked, id=41572, stack(0x00000059ab100000,0x00000059ab200000)]
  0x0000016d67ed3f20 JavaThread "EntityStoreSharedAsyncProcessor1" daemon [_thread_blocked, id=40948, stack(0x00000059ab200000,0x00000059ab300000)]
  0x0000016d67ed5360 JavaThread "sonarlint-filesystem" [_thread_blocked, id=42156, stack(0x00000059ab300000,0x00000059ab400000)]
  0x0000016d67ed9f50 JavaThread "HttpClient-1-SelectorManager" daemon [_thread_in_native, id=18996, stack(0x00000059aa900000,0x00000059aaa00000)]
  0x0000016d67ed7be0 JavaThread "sonarlint-analysis-scheduler" [_thread_blocked, id=43048, stack(0x00000059ab400000,0x00000059ab500000)]
  0x0000016d67ed3500 JavaThread "sonarlint-websocket-subscriber" [_thread_blocked, id=35328, stack(0x00000059ab500000,0x00000059ab600000)]
  0x0000016d67ed8b10 JavaThread "sonarlint-server-sent-events-subscriber" [_thread_blocked, id=45068, stack(0x00000059ab600000,0x00000059ab700000)]
  0x0000016d67eda460 JavaThread "SonarLint Server RPC request executor" [_thread_in_vm, id=27480, stack(0x00000059ab700000,0x00000059ab800000)]
  0x0000016d67ed5870 JavaThread "sonarlint-file-exclusions" [_thread_blocked, id=25108, stack(0x00000059ab800000,0x00000059ab900000)]

Other Threads:
  0x0000016d1c8d3500 VMThread "VM Thread" [stack: 0x00000059a8600000,0x00000059a8700000] [id=41116]
  0x0000016d1cb23f30 WatcherThread [stack: 0x00000059a9100000,0x00000059a9200000] [id=41260]
  0x0000016d7f113ac0 GCTaskThread "GC Thread#0" [stack: 0x00000059a8100000,0x00000059a8200000] [id=25660]
  0x0000016d6231fd10 GCTaskThread "GC Thread#1" [stack: 0x00000059a9300000,0x00000059a9400000] [id=43892]
  0x0000016d622a0350 GCTaskThread "GC Thread#2" [stack: 0x00000059a9400000,0x00000059a9500000] [id=25448]
  0x0000016d625c87f0 GCTaskThread "GC Thread#3" [stack: 0x00000059a9500000,0x00000059a9600000] [id=15184]
  0x0000016d6272eed0 GCTaskThread "GC Thread#4" [stack: 0x00000059a9600000,0x00000059a9700000] [id=21784]
  0x0000016d621c6340 GCTaskThread "GC Thread#5" [stack: 0x00000059a9700000,0x00000059a9800000] [id=26024]
  0x0000016d621c6600 GCTaskThread "GC Thread#6" [stack: 0x00000059a9800000,0x00000059a9900000] [id=13756]
  0x0000016d679420f0 GCTaskThread "GC Thread#7" [stack: 0x00000059a9900000,0x00000059a9a00000] [id=4172]
  0x0000016d7f124590 ConcurrentGCThread "G1 Main Marker" [stack: 0x00000059a8200000,0x00000059a8300000] [id=45336]
  0x0000016d7f124eb0 ConcurrentGCThread "G1 Conc#0" [stack: 0x00000059a8300000,0x00000059a8400000] [id=44812]
  0x0000016d67ec6400 ConcurrentGCThread "G1 Conc#1" [stack: 0x00000059aa700000,0x00000059aa800000] [id=17840]
  0x0000016d7f168ca0 ConcurrentGCThread "G1 Refine#0" [stack: 0x00000059a8400000,0x00000059a8500000] [id=45916]
  0x0000016d7f1695d0 ConcurrentGCThread "G1 Service" [stack: 0x00000059a8500000,0x00000059a8600000] [id=3368]

Threads with active compile tasks:
C2 CompilerThread0    14212 3503  s!   4       jdk.internal.loader.URLClassPath::getLoader (196 bytes)

VM state: not at safepoint (normal execution)

VM Mutex/Monitor currently owned by a thread: None

Heap address: 0x0000000081c00000, size: 2020 MB, Compressed Oops mode: 32-bit

CDS archive(s) mapped at: [0x0000016d1d000000-0x0000016d1da40000-0x0000016d1da40000), size 10747904, SharedBaseAddress: 0x0000016d1d000000, ArchiveRelocationMode: 1.
Compressed class space mapped at: 0x0000016d1e000000-0x0000016d5e000000, reserved size: 1073741824
Narrow klass base: 0x0000016d1d000000, Narrow klass shift: 0, Narrow klass range: 0x100000000

GC Precious Log:
 CPUs: 8 total, 8 available
 Memory: 8072M
 Large Page Support: Disabled
 NUMA Support: Disabled
 Compressed Oops: Enabled (32-bit)
 Heap Region Size: 1M
 Heap Min Capacity: 8M
 Heap Initial Capacity: 128M
 Heap Max Capacity: 2020M
 Pre-touch: Disabled
 Parallel Workers: 8
 Concurrent Workers: 2
 Concurrent Refinement Workers: 8
 Periodic GC: Disabled

Heap:
 garbage-first heap   total 45056K, used 30648K [0x0000000081c00000, 0x0000000100000000)
  region size 1024K, 13 young (13312K), 2 survivors (2048K)
 Metaspace       used 32381K, committed 32832K, reserved 1114112K
  class space    used 4014K, committed 4224K, reserved 1048576K

Heap Regions: E=young(eden), S=young(survivor), O=old, HS=humongous(starts), HC=humongous(continues), CS=collection set, F=free, OA=open archive, CA=closed archive, TAMS=top-at-mark-start (previous, next)
|   0|0x0000000081c00000, 0x0000000081d00000, 0x0000000081d00000|100%| O|  |TAMS 0x0000000081d00000, 0x0000000081c00000| Untracked 
|   1|0x0000000081d00000, 0x0000000081e00000, 0x0000000081e00000|100%| O|  |TAMS 0x0000000081e00000, 0x0000000081d00000| Untracked 
|   2|0x0000000081e00000, 0x0000000081f00000, 0x0000000081f00000|100%| O|  |TAMS 0x0000000081f00000, 0x0000000081e00000| Untracked 
|   3|0x0000000081f00000, 0x0000000082000000, 0x0000000082000000|100%| O|  |TAMS 0x0000000082000000, 0x0000000081f00000| Untracked 
|   4|0x0000000082000000, 0x0000000082100000, 0x0000000082100000|100%| O|  |TAMS 0x0000000082100000, 0x0000000082000000| Untracked 
|   5|0x0000000082100000, 0x0000000082200000, 0x0000000082200000|100%| O|  |TAMS 0x0000000082100000, 0x0000000082100000| Untracked 
|   6|0x0000000082200000, 0x0000000082300000, 0x0000000082300000|100%| O|  |TAMS 0x0000000082200000, 0x0000000082200000| Untracked 
|   7|0x0000000082300000, 0x0000000082400000, 0x0000000082400000|100%| O|  |TAMS 0x0000000082300000, 0x0000000082300000| Untracked 
|   8|0x0000000082400000, 0x0000000082500000, 0x0000000082500000|100%| O|  |TAMS 0x0000000082400000, 0x0000000082400000| Untracked 
|   9|0x0000000082500000, 0x0000000082600000, 0x0000000082600000|100%| O|  |TAMS 0x0000000082500000, 0x0000000082500000| Untracked 
|  10|0x0000000082600000, 0x0000000082700000, 0x0000000082700000|100%| O|  |TAMS 0x0000000082600000, 0x0000000082600000| Untracked 
|  11|0x0000000082700000, 0x0000000082800000, 0x0000000082800000|100%| O|  |TAMS 0x0000000082700000, 0x0000000082700000| Untracked 
|  12|0x0000000082800000, 0x0000000082900000, 0x0000000082900000|100%| O|  |TAMS 0x0000000082800000, 0x0000000082800000| Untracked 
|  13|0x0000000082900000, 0x0000000082a00000, 0x0000000082a00000|100%| O|  |TAMS 0x0000000082900000, 0x0000000082900000| Untracked 
|  14|0x0000000082a00000, 0x0000000082b00000, 0x0000000082b00000|100%| O|  |TAMS 0x0000000082a00000, 0x0000000082a00000| Untracked 
|  15|0x0000000082b00000, 0x0000000082bee000, 0x0000000082c00000| 92%| O|  |TAMS 0x0000000082b00000, 0x0000000082b00000| Untracked 
|  16|0x0000000082c00000, 0x0000000082c00000, 0x0000000082d00000|  0%| F|  |TAMS 0x0000000082c00000, 0x0000000082c00000| Untracked 
|  17|0x0000000082d00000, 0x0000000082d00000, 0x0000000082e00000|  0%| F|  |TAMS 0x0000000082d00000, 0x0000000082d00000| Untracked 
|  18|0x0000000082e00000, 0x0000000082f00000, 0x0000000082f00000|100%| O|  |TAMS 0x0000000082e00000, 0x0000000082e00000| Untracked 
|  19|0x0000000082f00000, 0x0000000083000000, 0x0000000083000000|100%| O|  |TAMS 0x0000000082f00000, 0x0000000082f00000| Untracked 
|  20|0x0000000083000000, 0x0000000083100000, 0x0000000083100000|100%| O|  |TAMS 0x0000000083000000, 0x0000000083000000| Untracked 
|  21|0x0000000083100000, 0x0000000083100000, 0x0000000083200000|  0%| F|  |TAMS 0x0000000083100000, 0x0000000083100000| Untracked 
|  22|0x0000000083200000, 0x0000000083200000, 0x0000000083300000|  0%| F|  |TAMS 0x0000000083200000, 0x0000000083200000| Untracked 
|  23|0x0000000083300000, 0x0000000083300000, 0x0000000083400000|  0%| F|  |TAMS 0x0000000083300000, 0x0000000083300000| Untracked 
|  24|0x0000000083400000, 0x0000000083400000, 0x0000000083500000|  0%| F|  |TAMS 0x0000000083400000, 0x0000000083400000| Untracked 
|  25|0x0000000083500000, 0x0000000083500000, 0x0000000083600000|  0%| F|  |TAMS 0x0000000083500000, 0x0000000083500000| Untracked 
|  26|0x0000000083600000, 0x0000000083600000, 0x0000000083700000|  0%| F|  |TAMS 0x0000000083600000, 0x0000000083600000| Untracked 
|  27|0x0000000083700000, 0x0000000083700000, 0x0000000083800000|  0%| F|  |TAMS 0x0000000083700000, 0x0000000083700000| Untracked 
|  28|0x0000000083800000, 0x0000000083800000, 0x0000000083900000|  0%| F|  |TAMS 0x0000000083800000, 0x0000000083800000| Untracked 
|  29|0x0000000083900000, 0x0000000083a00000, 0x0000000083a00000|100%| S|CS|TAMS 0x0000000083900000, 0x0000000083900000| Complete 
|  30|0x0000000083a00000, 0x0000000083b00000, 0x0000000083b00000|100%| S|CS|TAMS 0x0000000083a00000, 0x0000000083a00000| Complete 
|  31|0x0000000083b00000, 0x0000000083b00000, 0x0000000083c00000|  0%| F|  |TAMS 0x0000000083b00000, 0x0000000083b00000| Untracked 
|  32|0x0000000083c00000, 0x0000000083c00000, 0x0000000083d00000|  0%| F|  |TAMS 0x0000000083c00000, 0x0000000083c00000| Untracked 
|  33|0x0000000083d00000, 0x0000000083d04738, 0x0000000083e00000|  1%| E|  |TAMS 0x0000000083d00000, 0x0000000083d00000| Complete 
|  34|0x0000000083e00000, 0x0000000083f00000, 0x0000000083f00000|100%| E|CS|TAMS 0x0000000083e00000, 0x0000000083e00000| Complete 
|  35|0x0000000083f00000, 0x0000000084000000, 0x0000000084000000|100%| E|CS|TAMS 0x0000000083f00000, 0x0000000083f00000| Complete 
|  36|0x0000000084000000, 0x0000000084100000, 0x0000000084100000|100%| E|CS|TAMS 0x0000000084000000, 0x0000000084000000| Complete 
|  97|0x0000000087d00000, 0x0000000087e00000, 0x0000000087e00000|100%| E|CS|TAMS 0x0000000087d00000, 0x0000000087d00000| Complete 
|  98|0x0000000087e00000, 0x0000000087f00000, 0x0000000087f00000|100%| E|CS|TAMS 0x0000000087e00000, 0x0000000087e00000| Complete 
|  99|0x0000000087f00000, 0x0000000088000000, 0x0000000088000000|100%| E|CS|TAMS 0x0000000087f00000, 0x0000000087f00000| Complete 
| 100|0x0000000088000000, 0x0000000088100000, 0x0000000088100000|100%| E|CS|TAMS 0x0000000088000000, 0x0000000088000000| Complete 
| 101|0x0000000088100000, 0x0000000088200000, 0x0000000088200000|100%| E|  |TAMS 0x0000000088100000, 0x0000000088100000| Complete 
| 102|0x0000000088200000, 0x0000000088300000, 0x0000000088300000|100%| E|CS|TAMS 0x0000000088200000, 0x0000000088200000| Complete 
| 127|0x0000000089b00000, 0x0000000089c00000, 0x0000000089c00000|100%| E|CS|TAMS 0x0000000089b00000, 0x0000000089b00000| Complete 

Card table byte_map: [0x0000016d15720000,0x0000016d15b20000] _byte_map_base: 0x0000016d15312000

Marking Bits (Prev, Next): (CMBitMap*) 0x0000016d7f114020, (CMBitMap*) 0x0000016d7f113fe0
 Prev Bits: [0x0000016d17eb0000, 0x0000016d19e40000)
 Next Bits: [0x0000016d15f20000, 0x0000016d17eb0000)

Polling page: 0x0000016d7f170000

Metaspace:

Usage:
  Non-class:     27.70 MB used.
      Class:      3.92 MB used.
       Both:     31.62 MB used.

Virtual space:
  Non-class space:       64.00 MB reserved,      27.94 MB ( 44%) committed,  1 nodes.
      Class space:        1.00 GB reserved,       4.12 MB ( <1%) committed,  1 nodes.
             Both:        1.06 GB reserved,      32.06 MB (  3%) committed. 

Chunk freelists:
   Non-Class:  3.93 MB
       Class:  11.90 MB
        Both:  15.83 MB

MaxMetaspaceSize: unlimited
CompressedClassSpaceSize: 1.00 GB
Initial GC threshold: 21.00 MB
Current GC threshold: 35.25 MB
CDS: on
MetaspaceReclaimPolicy: balanced
 - commit_granule_bytes: 65536.
 - commit_granule_words: 8192.
 - virtual_space_node_default_size: 8388608.
 - enlarge_chunks_in_place: 1.
 - new_chunks_are_fully_committed: 0.
 - uncommit_free_chunks: 1.
 - use_allocation_guard: 0.
 - handle_deallocations: 1.


Internal statistics:

num_allocs_failed_limit: 3.
num_arena_births: 484.
num_arena_deaths: 0.
num_vsnodes_births: 2.
num_vsnodes_deaths: 0.
num_space_committed: 513.
num_space_uncommitted: 0.
num_chunks_returned_to_freelist: 3.
num_chunks_taken_from_freelist: 1487.
num_chunk_merges: 3.
num_chunk_splits: 1022.
num_chunks_enlarged: 763.
num_inconsistent_stats: 0.

CodeHeap 'non-profiled nmethods': size=120000Kb used=1659Kb max_used=1659Kb free=118341Kb
 bounds [0x0000016d0ddf0000, 0x0000016d0e060000, 0x0000016d15320000]
CodeHeap 'profiled nmethods': size=120000Kb used=7080Kb max_used=7080Kb free=112919Kb
 bounds [0x0000016d06320000, 0x0000016d06a10000, 0x0000016d0d850000]
CodeHeap 'non-nmethods': size=5760Kb used=1289Kb max_used=1360Kb free=4470Kb
 bounds [0x0000016d0d850000, 0x0000016d0dac0000, 0x0000016d0ddf0000]
 total_blobs=4117 nmethods=3508 adapters=521
 compilation: enabled
              stopped_count=0, restarted_count=0
 full_count=0

Compilation events (20 events):
Event: 14.063 Thread 0x0000016d1c901e40 3499       3       jetbrains.exodus.core.dataStructures.ConcurrentLongObjectCache::tryKeyLocked (6 bytes)
Event: 14.064 Thread 0x0000016d1c901e40 nmethod 3499 0x0000016d06a05190 code [0x0000016d06a05320, 0x0000016d06a054e8]
Event: 14.064 Thread 0x0000016d1c901e40 3501       3       jetbrains.exodus.core.dataStructures.ConcurrentLongObjectCache::indexFor (18 bytes)
Event: 14.064 Thread 0x0000016d1c901e40 nmethod 3501 0x0000016d06a05590 code [0x0000016d06a05720, 0x0000016d06a05868]
Event: 14.064 Thread 0x0000016d1c901e40 3502       3       jetbrains.exodus.log.Log::getHighPage (30 bytes)
Event: 14.064 Thread 0x0000016d1c901e40 nmethod 3502 0x0000016d06a05910 code [0x0000016d06a05ae0, 0x0000016d06a05e88]
Event: 14.067 Thread 0x0000016d1c901e40 3504       3       jetbrains.exodus.tree.btree.LeafNode::getKeyRecordSize (8 bytes)
Event: 14.067 Thread 0x0000016d1c901e40 nmethod 3504 0x0000016d06a06010 code [0x0000016d06a061a0, 0x0000016d06a062b8]
Event: 14.067 Thread 0x0000016d1c901e40 3505       3       jetbrains.exodus.tree.btree.LeafNode::getKeyLength (7 bytes)
Event: 14.067 Thread 0x0000016d1c901e40 nmethod 3505 0x0000016d06a06390 code [0x0000016d06a06520, 0x0000016d06a06638]
Event: 14.067 Thread 0x0000016d1c901e40 3506   !   3       jetbrains.exodus.log.DataIterator::checkPageSafe (63 bytes)
Event: 14.067 Thread 0x0000016d1c901e40 nmethod 3506 0x0000016d06a06710 code [0x0000016d06a06900, 0x0000016d06a06e58]
Event: 14.067 Thread 0x0000016d1c901e40 3508       3       jetbrains.exodus.util.ByteIterableUtil::compare (58 bytes)
Event: 14.067 Thread 0x0000016d1c901e40 nmethod 3508 0x0000016d06a07110 code [0x0000016d06a072c0, 0x0000016d06a075d8]
Event: 14.067 Thread 0x0000016d1c901e40 3507       3       jetbrains.exodus.log.ArrayByteIterableWithAddress::compareTo (70 bytes)
Event: 14.068 Thread 0x0000016d1c901e40 nmethod 3507 0x0000016d06a07790 code [0x0000016d06a079e0, 0x0000016d06a085e8]
Event: 14.126 Thread 0x0000016d1c901e40 3509       3       jetbrains.exodus.core.dataStructures.hash.HashSet$1::next (8 bytes)
Event: 14.126 Thread 0x0000016d1c901e40 nmethod 3509 0x0000016d06a08990 code [0x0000016d06a08b40, 0x0000016d06a08de8]
Event: 14.126 Thread 0x0000016d1c901e40 3510       3       jetbrains.exodus.core.execution.JobProcessorAdapter::isFinished (8 bytes)
Event: 14.126 Thread 0x0000016d1c901e40 nmethod 3510 0x0000016d06a08f10 code [0x0000016d06a090a0, 0x0000016d06a09278]

GC Heap History (14 events):
Event: 1.538 GC heap before
{Heap before GC invocations=0 (full 0):
 garbage-first heap   total 131072K, used 22528K [0x0000000081c00000, 0x0000000100000000)
  region size 1024K, 23 young (23552K), 0 survivors (0K)
 Metaspace       used 8378K, committed 8576K, reserved 1114112K
  class space    used 1063K, committed 1216K, reserved 1048576K
}
Event: 1.548 GC heap after
{Heap after GC invocations=1 (full 0):
 garbage-first heap   total 131072K, used 5698K [0x0000000081c00000, 0x0000000100000000)
  region size 1024K, 3 young (3072K), 3 survivors (3072K)
 Metaspace       used 8378K, committed 8576K, reserved 1114112K
  class space    used 1063K, committed 1216K, reserved 1048576K
}
Event: 2.510 GC heap before
{Heap before GC invocations=1 (full 0):
 garbage-first heap   total 131072K, used 33346K [0x0000000081c00000, 0x0000000100000000)
  region size 1024K, 31 young (31744K), 3 survivors (3072K)
 Metaspace       used 15123K, committed 15424K, reserved 1114112K
  class space    used 1898K, committed 2048K, reserved 1048576K
}
Event: 2.517 GC heap after
{Heap after GC invocations=2 (full 0):
 garbage-first heap   total 131072K, used 8335K [0x0000000081c00000, 0x0000000100000000)
  region size 1024K, 3 young (3072K), 3 survivors (3072K)
 Metaspace       used 15123K, committed 15424K, reserved 1114112K
  class space    used 1898K, committed 2048K, reserved 1048576K
}
Event: 3.758 GC heap before
{Heap before GC invocations=2 (full 0):
 garbage-first heap   total 131072K, used 32911K [0x0000000081c00000, 0x0000000100000000)
  region size 1024K, 28 young (28672K), 3 survivors (3072K)
 Metaspace       used 21169K, committed 21504K, reserved 1114112K
  class space    used 2648K, committed 2816K, reserved 1048576K
}
Event: 3.765 GC heap after
{Heap after GC invocations=3 (full 0):
 garbage-first heap   total 131072K, used 11938K [0x0000000081c00000, 0x0000000100000000)
  region size 1024K, 6 young (6144K), 6 survivors (6144K)
 Metaspace       used 21169K, committed 21504K, reserved 1114112K
  class space    used 2648K, committed 2816K, reserved 1048576K
}
Event: 4.165 GC heap before
{Heap before GC invocations=4 (full 0):
 garbage-first heap   total 45056K, used 33442K [0x0000000081c00000, 0x0000000100000000)
  region size 1024K, 26 young (26624K), 6 survivors (6144K)
 Metaspace       used 25133K, committed 25472K, reserved 1114112K
  class space    used 3091K, committed 3264K, reserved 1048576K
}
Event: 4.173 GC heap after
{Heap after GC invocations=5 (full 0):
 garbage-first heap   total 45056K, used 15816K [0x0000000081c00000, 0x0000000100000000)
  region size 1024K, 4 young (4096K), 4 survivors (4096K)
 Metaspace       used 25133K, committed 25472K, reserved 1114112K
  class space    used 3091K, committed 3264K, reserved 1048576K
}
Event: 4.178 GC heap before
{Heap before GC invocations=5 (full 0):
 garbage-first heap   total 45056K, used 16840K [0x0000000081c00000, 0x0000000100000000)
  region size 1024K, 5 young (5120K), 4 survivors (4096K)
 Metaspace       used 25133K, committed 25472K, reserved 1114112K
  class space    used 3091K, committed 3264K, reserved 1048576K
}
Event: 4.181 GC heap after
{Heap after GC invocations=6 (full 0):
 garbage-first heap   total 45056K, used 16332K [0x0000000081c00000, 0x0000000100000000)
  region size 1024K, 1 young (1024K), 1 survivors (1024K)
 Metaspace       used 25133K, committed 25472K, reserved 1114112K
  class space    used 3091K, committed 3264K, reserved 1048576K
}
Event: 4.522 GC heap before
{Heap before GC invocations=6 (full 0):
 garbage-first heap   total 45056K, used 29644K [0x0000000081c00000, 0x0000000100000000)
  region size 1024K, 15 young (15360K), 1 survivors (1024K)
 Metaspace       used 28682K, committed 29056K, reserved 1114112K
  class space    used 3543K, committed 3712K, reserved 1048576K
}
Event: 4.524 GC heap after
{Heap after GC invocations=7 (full 0):
 garbage-first heap   total 45056K, used 18345K [0x0000000081c00000, 0x0000000100000000)
  region size 1024K, 2 young (2048K), 2 survivors (2048K)
 Metaspace       used 28682K, committed 29056K, reserved 1114112K
  class space    used 3543K, committed 3712K, reserved 1048576K
}
Event: 5.195 GC heap before
{Heap before GC invocations=7 (full 0):
 garbage-first heap   total 45056K, used 30633K [0x0000000081c00000, 0x0000000100000000)
  region size 1024K, 15 young (15360K), 2 survivors (2048K)
 Metaspace       used 30362K, committed 30784K, reserved 1114112K
  class space    used 3738K, committed 3968K, reserved 1048576K
}
Event: 5.198 GC heap after
{Heap after GC invocations=8 (full 0):
 garbage-first heap   total 45056K, used 21432K [0x0000000081c00000, 0x0000000100000000)
  region size 1024K, 2 young (2048K), 2 survivors (2048K)
 Metaspace       used 30362K, committed 30784K, reserved 1114112K
  class space    used 3738K, committed 3968K, reserved 1048576K
}

Dll operation events (10 events):
Event: 0.031 Loaded shared library C:\USERS\AYSU YÝÐÝT\APPDATA\LOCAL\MICROSOFT\VISUALSTUDIO\17.0_3557F2D7\EXTENSIONS\ZJCEDZ1N.VH0\Sloop\jre\bin\java.dll
Event: 0.098 Loaded shared library C:\USERS\AYSU YÝÐÝT\APPDATA\LOCAL\MICROSOFT\VISUALSTUDIO\17.0_3557F2D7\EXTENSIONS\ZJCEDZ1N.VH0\Sloop\jre\bin\jsvml.dll
Event: 0.237 Loaded shared library C:\Users\AYSU YÝÐÝT\AppData\Local\Microsoft\VisualStudio\17.0_3557f2d7\Extensions\zjcedz1n.vh0\Sloop\jre\bin\net.dll
Event: 0.242 Loaded shared library C:\Users\AYSU YÝÐÝT\AppData\Local\Microsoft\VisualStudio\17.0_3557f2d7\Extensions\zjcedz1n.vh0\Sloop\jre\bin\nio.dll
Event: 0.251 Loaded shared library C:\Users\AYSU YÝÐÝT\AppData\Local\Microsoft\VisualStudio\17.0_3557f2d7\Extensions\zjcedz1n.vh0\Sloop\jre\bin\zip.dll
Event: 0.342 Loaded shared library C:\USERS\AYSU YÝÐÝT\APPDATA\LOCAL\MICROSOFT\VISUALSTUDIO\17.0_3557F2D7\EXTENSIONS\ZJCEDZ1N.VH0\Sloop\jre\bin\verify.dll
Event: 0.433 Loaded shared library C:\Users\AYSU YÝÐÝT\AppData\Local\Microsoft\VisualStudio\17.0_3557f2d7\Extensions\zjcedz1n.vh0\Sloop\jre\bin\jimage.dll
Event: 3.479 Loaded shared library C:\Users\AYSU YÝÐÝT\AppData\Local\Microsoft\VisualStudio\17.0_3557f2d7\Extensions\zjcedz1n.vh0\Sloop\jre\bin\sunmscapi.dll
Event: 4.049 Loaded shared library C:\Users\AYSU YÝÐÝT\AppData\Local\Microsoft\VisualStudio\17.0_3557f2d7\Extensions\zjcedz1n.vh0\Sloop\jre\bin\management.dll
Event: 4.054 Loaded shared library C:\Users\AYSU YÝÐÝT\AppData\Local\Microsoft\VisualStudio\17.0_3557f2d7\Extensions\zjcedz1n.vh0\Sloop\jre\bin\management_ext.dll

Deoptimization events (20 events):
Event: 5.263 Thread 0x0000016d627b70e0 Uncommon trap: trap_request=0xffffff45 fr.pc=0x0000016d0deb2c00 relative=0x0000000000000260
Event: 5.263 Thread 0x0000016d627b70e0 Uncommon trap: reason=unstable_if action=reinterpret pc=0x0000016d0deb2c00 method=java.lang.ClassLoader.checkName(Ljava/lang/String;)Z @ 30 c2
Event: 5.263 Thread 0x0000016d627b70e0 DEOPT PACKING pc=0x0000016d0deb2c00 sp=0x00000059a9dfc010
Event: 5.263 Thread 0x0000016d627b70e0 DEOPT UNPACKING pc=0x0000016d0d8a69a3 sp=0x00000059a9dfbfa0 mode 2
Event: 5.345 Thread 0x0000016d627b70e0 Uncommon trap: trap_request=0xffffffbe fr.pc=0x0000016d0df26d48 relative=0x0000000000000e48
Event: 5.345 Thread 0x0000016d627b70e0 Uncommon trap: reason=profile_predicate action=maybe_recompile pc=0x0000016d0df26d48 method=java.io.WinNTFileSystem.normalize(Ljava/lang/String;)Ljava/lang/String; @ 25 c2
Event: 5.345 Thread 0x0000016d627b70e0 DEOPT PACKING pc=0x0000016d0df26d48 sp=0x00000059a9dfc4b0
Event: 5.345 Thread 0x0000016d627b70e0 DEOPT UNPACKING pc=0x0000016d0d8a69a3 sp=0x00000059a9dfc478 mode 2
Event: 14.053 Thread 0x0000016d67ed5d80 Uncommon trap: trap_request=0xffffffde fr.pc=0x0000016d0df096dc relative=0x000000000000061c
Event: 14.053 Thread 0x0000016d67ed5d80 Uncommon trap: reason=class_check action=maybe_recompile pc=0x0000016d0df096dc method=jetbrains.exodus.ArrayByteIterable.<init>(Ljetbrains/exodus/ByteIterable;)V @ 5 c2
Event: 14.053 Thread 0x0000016d67ed5d80 DEOPT PACKING pc=0x0000016d0df096dc sp=0x00000059aaffe960
Event: 14.053 Thread 0x0000016d67ed5d80 DEOPT UNPACKING pc=0x0000016d0d8a69a3 sp=0x00000059aaffe940 mode 2
Event: 14.053 Thread 0x0000016d67ed5d80 Uncommon trap: trap_request=0xffffffde fr.pc=0x0000016d0df096dc relative=0x000000000000061c
Event: 14.053 Thread 0x0000016d67ed5d80 Uncommon trap: reason=class_check action=maybe_recompile pc=0x0000016d0df096dc method=jetbrains.exodus.ArrayByteIterable.<init>(Ljetbrains/exodus/ByteIterable;)V @ 5 c2
Event: 14.053 Thread 0x0000016d67ed5d80 DEOPT PACKING pc=0x0000016d0df096dc sp=0x00000059aaffe960
Event: 14.053 Thread 0x0000016d67ed5d80 DEOPT UNPACKING pc=0x0000016d0d8a69a3 sp=0x00000059aaffe940 mode 2
Event: 14.054 Thread 0x0000016d67ed5d80 Uncommon trap: trap_request=0xffffffde fr.pc=0x0000016d0df096dc relative=0x000000000000061c
Event: 14.054 Thread 0x0000016d67ed5d80 Uncommon trap: reason=class_check action=maybe_recompile pc=0x0000016d0df096dc method=jetbrains.exodus.ArrayByteIterable.<init>(Ljetbrains/exodus/ByteIterable;)V @ 5 c2
Event: 14.054 Thread 0x0000016d67ed5d80 DEOPT PACKING pc=0x0000016d0df096dc sp=0x00000059aaffe960
Event: 14.054 Thread 0x0000016d67ed5d80 DEOPT UNPACKING pc=0x0000016d0d8a69a3 sp=0x00000059aaffe940 mode 2

Classes unloaded (0 events):
No events

Classes redefined (0 events):
No events

Internal exceptions (20 events):
Event: 4.229 Thread 0x0000016d627b70e0 Exception <a 'java/lang/IncompatibleClassChangeError'{0x0000000087f199e8}: Found class java.lang.Object, but interface was expected> (0x0000000087f199e8) 
thrown [s\src\hotspot\share\interpreter\linkResolver.cpp, line 826]
Event: 4.350 Thread 0x0000016d627b70e0 Exception <a 'java/lang/NoSuchMethodError'{0x0000000083e26e70}: 'java.lang.Object java.lang.invoke.DirectMethodHandle$Holder.newInvokeSpecial(java.lang.Object, java.lang.Object, java.lang.Object, int, java.lang.Object)'> (0x0000000083e26e70) 
thrown [s\src\hotspot\share\interpreter\linkResolver.cpp, line 759]
Event: 4.351 Thread 0x0000016d627b70e0 Exception <a 'java/lang/NoSuchMethodError'{0x0000000083e2ecd8}: 'java.lang.Object java.lang.invoke.Invokers$Holder.linkToTargetMethod(java.lang.Object, java.lang.Object, int, java.lang.Object, java.lang.Object)'> (0x0000000083e2ecd8) 
thrown [s\src\hotspot\share\interpreter\linkResolver.cpp, line 759]
Event: 4.463 Thread 0x0000016d627b70e0 Implicit null exception at 0x0000016d0ded1952 to 0x0000016d0ded238c
Event: 4.510 Thread 0x0000016d627b70e0 Exception <a 'java/lang/NoSuchMethodError'{0x000000008399c440}: 'java.lang.Object java.lang.invoke.DirectMethodHandle$Holder.newInvokeSpecial(java.lang.Object, java.lang.Object, int, java.lang.Object, java.lang.Object)'> (0x000000008399c440) 
thrown [s\src\hotspot\share\interpreter\linkResolver.cpp, line 759]
Event: 4.513 Thread 0x0000016d627b70e0 Exception <a 'java/lang/NoSuchMethodError'{0x00000000839b6a10}: 'java.lang.Object java.lang.invoke.Invokers$Holder.invoke_MT(java.lang.Object, java.lang.Object, java.lang.Object, java.lang.Object, java.lang.Object, java.lang.Object, java.lang.Object, java.lang.Object, java.lang.Object)'> (0x00000000839b6a10) 
thrown [s\src\hotspot\share\interpreter\linkResolver.cpp, line 759]
Event: 4.518 Thread 0x0000016d627b70e0 Exception <a 'java/lang/NoSuchMethodError'{0x00000000839e7578}: 'java.lang.Object java.lang.invoke.DirectMethodHandle$Holder.invokeVirtual(java.lang.Object, java.lang.Object, java.lang.Object)'> (0x00000000839e7578) 
thrown [s\src\hotspot\share\interpreter\linkResolver.cpp, line 759]
Event: 4.752 Thread 0x0000016d627b70e0 Exception <a 'java/lang/NoSuchMethodError'{0x00000000882fbd60}: 'void java.lang.invoke.DirectMethodHandle$Holder.invokeStatic(java.lang.Object, long)'> (0x00000000882fbd60) 
thrown [s\src\hotspot\share\interpreter\linkResolver.cpp, line 759]
Event: 4.753 Thread 0x0000016d627b70e0 Exception <a 'java/lang/NoSuchMethodError'{0x00000000881018b8}: 'java.lang.Object java.lang.invoke.DirectMethodHandle$Holder.newInvokeSpecial(java.lang.Object, long)'> (0x00000000881018b8) 
thrown [s\src\hotspot\share\interpreter\linkResolver.cpp, line 759]
Event: 4.756 Thread 0x0000016d627b70e0 Exception <a 'java/lang/NoSuchMethodError'{0x000000008810e538}: 'java.lang.Object java.lang.invoke.DirectMethodHandle$Holder.invokeStatic(java.lang.Object, java.lang.Object, long, java.lang.Object)'> (0x000000008810e538) 
thrown [s\src\hotspot\share\interpreter\linkResolver.cpp, line 759]
Event: 4.756 Thread 0x0000016d627b70e0 Exception <a 'java/lang/NoSuchMethodError'{0x0000000088111fd0}: 'java.lang.Object java.lang.invoke.DirectMethodHandle$Holder.invokeStaticInit(java.lang.Object, java.lang.Object, long, java.lang.Object)'> (0x0000000088111fd0) 
thrown [s\src\hotspot\share\interpreter\linkResolver.cpp, line 759]
Event: 4.757 Thread 0x0000016d627b70e0 Exception <a 'java/lang/NoSuchMethodError'{0x0000000088118300}: 'java.lang.Object java.lang.invoke.DirectMethodHandle$Holder.newInvokeSpecial(java.lang.Object, java.lang.Object, long)'> (0x0000000088118300) 
thrown [s\src\hotspot\share\interpreter\linkResolver.cpp, line 759]
Event: 4.757 Thread 0x0000016d627b70e0 Exception <a 'java/lang/NoSuchMethodError'{0x000000008811c118}: 'java.lang.Object java.lang.invoke.Invokers$Holder.linkToTargetMethod(java.lang.Object, long, java.lang.Object)'> (0x000000008811c118) 
thrown [s\src\hotspot\share\interpreter\linkResolver.cpp, line 759]
Event: 5.055 Thread 0x0000016d627b70e0 Exception <a 'java/lang/NoSuchMethodError'{0x0000000087d15358}: 'int java.lang.invoke.DirectMethodHandle$Holder.invokeSpecialIFC(java.lang.Object, java.lang.Object, java.lang.Object)'> (0x0000000087d15358) 
thrown [s\src\hotspot\share\interpreter\linkResolver.cpp, line 759]
Event: 5.120 Thread 0x0000016d627b70e0 Implicit null exception at 0x0000016d0df384f3 to 0x0000016d0df3885c
Event: 5.134 Thread 0x0000016d627b70e0 Exception <a 'sun/nio/fs/WindowsException'{0x0000000083dcf1b0}> (0x0000000083dcf1b0) 
thrown [s\src\hotspot\share\prims\jni.cpp, line 516]
Event: 5.143 Thread 0x0000016d627b70e0 Exception <a 'sun/nio/fs/WindowsException'{0x0000000083ddf030}> (0x0000000083ddf030) 
thrown [s\src\hotspot\share\prims\jni.cpp, line 516]
Event: 5.255 Thread 0x0000016d627b70e0 Implicit null exception at 0x0000016d0df3a440 to 0x0000016d0df3a638
Event: 5.325 Thread 0x0000016d627b70e0 Exception <a 'java/lang/NoSuchMethodError'{0x0000000087e82d50}: 'java.lang.Object java.lang.invoke.DirectMethodHandle$Holder.invokeStaticInit(java.lang.Object, java.lang.Object, int)'> (0x0000000087e82d50) 
thrown [s\src\hotspot\share\interpreter\linkResolver.cpp, line 759]
Event: 5.326 Thread 0x0000016d627b70e0 Exception <a 'java/lang/NoSuchMethodError'{0x0000000087e89110}: 'java.lang.Object java.lang.invoke.DirectMethodHandle$Holder.newInvokeSpecial(java.lang.Object, java.lang.Object, int)'> (0x0000000087e89110) 
thrown [s\src\hotspot\share\interpreter\linkResolver.cpp, line 759]

VM Operations (20 events):
Event: 4.178 Executing VM operation: G1CollectForAllocation
Event: 4.181 Executing VM operation: G1CollectForAllocation done
Event: 4.522 Executing VM operation: G1CollectForAllocation
Event: 4.524 Executing VM operation: G1CollectForAllocation done
Event: 5.099 Executing VM operation: HandshakeAllThreads
Event: 5.099 Executing VM operation: HandshakeAllThreads done
Event: 5.194 Executing VM operation: G1CollectForAllocation
Event: 5.198 Executing VM operation: G1CollectForAllocation done
Event: 5.260 Executing VM operation: HandshakeAllThreads
Event: 5.260 Executing VM operation: HandshakeAllThreads done
Event: 6.270 Executing VM operation: Cleanup
Event: 6.270 Executing VM operation: Cleanup done
Event: 14.051 Executing VM operation: HandshakeAllThreads
Event: 14.051 Executing VM operation: HandshakeAllThreads done
Event: 14.051 Executing VM operation: Cleanup
Event: 14.051 Executing VM operation: Cleanup done
Event: 14.052 Executing VM operation: HandshakeAllThreads
Event: 14.052 Executing VM operation: HandshakeAllThreads done
Event: 14.052 Executing VM operation: HandshakeAllThreads
Event: 14.052 Executing VM operation: HandshakeAllThreads done

Events (20 events):
Event: 5.369 Thread 0x0000016d67ed3500 Thread added: 0x0000016d67ed3500
Event: 5.369 loading class java/util/AbstractMap$2
Event: 5.369 Thread 0x0000016d67ed8b10 Thread added: 0x0000016d67ed8b10
Event: 5.369 loading class java/util/AbstractMap$2 done
Event: 5.369 loading class java/util/AbstractMap$2$1
Event: 5.369 loading class java/util/AbstractMap$2$1 done
Event: 5.370 Thread 0x0000016d67eda460 Thread added: 0x0000016d67eda460
Event: 13.702 loading class java/util/stream/Streams$ConcatSpliterator$OfRef
Event: 13.703 loading class java/util/stream/Streams$ConcatSpliterator
Event: 13.703 loading class java/util/stream/Streams$ConcatSpliterator done
Event: 13.703 loading class java/util/stream/Streams$ConcatSpliterator$OfRef done
Event: 13.703 loading class java/util/stream/Streams$2
Event: 13.703 loading class java/util/stream/Streams$2 done
Event: 13.707 loading class java/util/PriorityQueue$Itr
Event: 13.707 loading class java/util/PriorityQueue$Itr done
Event: 13.708 loading class sun/reflect/generics/scope/ConstructorScope
Event: 13.708 loading class sun/reflect/generics/scope/ConstructorScope done
Event: 13.708 Thread 0x0000016d67ed5870 Thread added: 0x0000016d67ed5870
Event: 13.730 loading class java/nio/file/InvalidPathException
Event: 13.730 loading class java/nio/file/InvalidPathException done


Dynamic libraries:
0x00007ff6bc310000 - 0x00007ff6bc31e000 	C:\USERS\AYSU YÝÐÝT\APPDATA\LOCAL\MICROSOFT\VISUALSTUDIO\17.0_3557F2D7\EXTENSIONS\ZJCEDZ1N.VH0\Sloop\jre\bin\java.exe
0x00007ffff77b0000 - 0x00007ffff79a8000 	C:\WINDOWS\SYSTEM32\ntdll.dll
0x00007ffff5d20000 - 0x00007ffff5de2000 	C:\WINDOWS\System32\KERNEL32.DLL
0x00007ffff52e0000 - 0x00007ffff55d7000 	C:\WINDOWS\System32\KERNELBASE.dll
0x00007ffff4f40000 - 0x00007ffff5040000 	C:\WINDOWS\System32\ucrtbase.dll
0x00007fff8c500000 - 0x00007fff8c51b000 	C:\USERS\AYSU YÝÐÝT\APPDATA\LOCAL\MICROSOFT\VISUALSTUDIO\17.0_3557F2D7\EXTENSIONS\ZJCEDZ1N.VH0\Sloop\jre\bin\VCRUNTIME140.dll
0x00007fff8c390000 - 0x00007fff8c3a7000 	C:\USERS\AYSU YÝÐÝT\APPDATA\LOCAL\MICROSOFT\VISUALSTUDIO\17.0_3557F2D7\EXTENSIONS\ZJCEDZ1N.VH0\Sloop\jre\bin\jli.dll
0x00007ffff5b10000 - 0x00007ffff5cad000 	C:\WINDOWS\System32\USER32.dll
0x00007fffdf4b0000 - 0x00007fffdf74a000 	C:\WINDOWS\WinSxS\amd64_microsoft.windows.common-controls_6595b64144ccf1df_6.0.19041.5915_none_60b4b9d171f9c7c7\COMCTL32.dll
0x00007ffff5100000 - 0x00007ffff5122000 	C:\WINDOWS\System32\win32u.dll
0x00007ffff67c0000 - 0x00007ffff685e000 	C:\WINDOWS\System32\msvcrt.dll
0x00007ffff65c0000 - 0x00007ffff65eb000 	C:\WINDOWS\System32\GDI32.dll
0x00007ffff5680000 - 0x00007ffff5799000 	C:\WINDOWS\System32\gdi32full.dll
0x00007ffff55e0000 - 0x00007ffff567d000 	C:\WINDOWS\System32\msvcp_win.dll
0x00007ffff6a30000 - 0x00007ffff6a5f000 	C:\WINDOWS\System32\IMM32.DLL
0x00007fffdd1c0000 - 0x00007fffdd1cc000 	C:\USERS\AYSU YÝÐÝT\APPDATA\LOCAL\MICROSOFT\VISUALSTUDIO\17.0_3557F2D7\EXTENSIONS\ZJCEDZ1N.VH0\Sloop\jre\bin\vcruntime140_1.dll
0x00007fff61c60000 - 0x00007fff61ced000 	C:\USERS\AYSU YÝÐÝT\APPDATA\LOCAL\MICROSOFT\VISUALSTUDIO\17.0_3557F2D7\EXTENSIONS\ZJCEDZ1N.VH0\Sloop\jre\bin\msvcp140.dll
0x00007fff46af0000 - 0x00007fff47751000 	C:\USERS\AYSU YÝÐÝT\APPDATA\LOCAL\MICROSOFT\VISUALSTUDIO\17.0_3557F2D7\EXTENSIONS\ZJCEDZ1N.VH0\Sloop\jre\bin\server\jvm.dll
0x00007ffff6f50000 - 0x00007ffff7001000 	C:\WINDOWS\System32\ADVAPI32.dll
0x00007ffff59f0000 - 0x00007ffff5a8f000 	C:\WINDOWS\System32\sechost.dll
0x00007ffff6680000 - 0x00007ffff67a6000 	C:\WINDOWS\System32\RPCRT4.dll
0x00007ffff50d0000 - 0x00007ffff50f7000 	C:\WINDOWS\System32\bcrypt.dll
0x00007ffff4370000 - 0x00007ffff43bb000 	C:\WINDOWS\SYSTEM32\POWRPROF.dll
0x00007fffdf200000 - 0x00007fffdf209000 	C:\WINDOWS\SYSTEM32\WSOCK32.dll
0x00007fffe19f0000 - 0x00007fffe1a17000 	C:\WINDOWS\SYSTEM32\WINMM.dll
0x00007ffff5cb0000 - 0x00007ffff5d1b000 	C:\WINDOWS\System32\WS2_32.dll
0x00007fffec240000 - 0x00007fffec24a000 	C:\WINDOWS\SYSTEM32\VERSION.dll
0x00007ffff41e0000 - 0x00007ffff41f2000 	C:\WINDOWS\SYSTEM32\UMPDC.dll
0x00007ffff35f0000 - 0x00007ffff3602000 	C:\WINDOWS\SYSTEM32\kernel.appcore.dll
0x00007fffdc420000 - 0x00007fffdc42a000 	C:\USERS\AYSU YÝÐÝT\APPDATA\LOCAL\MICROSOFT\VISUALSTUDIO\17.0_3557F2D7\EXTENSIONS\ZJCEDZ1N.VH0\Sloop\jre\bin\jimage.dll
0x00007ffff2b30000 - 0x00007ffff2d31000 	C:\WINDOWS\SYSTEM32\DBGHELP.DLL
0x00007fffdea60000 - 0x00007fffdea94000 	C:\WINDOWS\SYSTEM32\dbgcore.DLL
0x00007ffff5040000 - 0x00007ffff50c2000 	C:\WINDOWS\System32\bcryptPrimitives.dll
0x00007fff8ae30000 - 0x00007fff8ae55000 	C:\USERS\AYSU YÝÐÝT\APPDATA\LOCAL\MICROSOFT\VISUALSTUDIO\17.0_3557F2D7\EXTENSIONS\ZJCEDZ1N.VH0\Sloop\jre\bin\java.dll
0x00007fff5c840000 - 0x00007fff5c917000 	C:\USERS\AYSU YÝÐÝT\APPDATA\LOCAL\MICROSOFT\VISUALSTUDIO\17.0_3557F2D7\EXTENSIONS\ZJCEDZ1N.VH0\Sloop\jre\bin\jsvml.dll
0x00007ffff5e50000 - 0x00007ffff65be000 	C:\WINDOWS\System32\SHELL32.dll
0x00007ffff2e30000 - 0x00007ffff35d4000 	C:\WINDOWS\SYSTEM32\windows.storage.dll
0x00007ffff6a60000 - 0x00007ffff6db3000 	C:\WINDOWS\System32\combase.dll
0x00007ffff4840000 - 0x00007ffff486b000 	C:\WINDOWS\SYSTEM32\Wldp.dll
0x00007ffff5920000 - 0x00007ffff59ed000 	C:\WINDOWS\System32\OLEAUT32.dll
0x00007ffff75a0000 - 0x00007ffff764d000 	C:\WINDOWS\System32\SHCORE.dll
0x00007ffff5df0000 - 0x00007ffff5e4b000 	C:\WINDOWS\System32\shlwapi.dll
0x00007ffff4d40000 - 0x00007ffff4d64000 	C:\WINDOWS\SYSTEM32\profapi.dll
0x00007fff8b4f0000 - 0x00007fff8b509000 	C:\Users\AYSU YÝÐÝT\AppData\Local\Microsoft\VisualStudio\17.0_3557f2d7\Extensions\zjcedz1n.vh0\Sloop\jre\bin\net.dll
0x00007fffeb9b0000 - 0x00007fffebaba000 	C:\WINDOWS\SYSTEM32\WINHTTP.dll
0x00007ffff4550000 - 0x00007ffff45ba000 	C:\WINDOWS\system32\mswsock.dll
0x00007fff88030000 - 0x00007fff88046000 	C:\Users\AYSU YÝÐÝT\AppData\Local\Microsoft\VisualStudio\17.0_3557f2d7\Extensions\zjcedz1n.vh0\Sloop\jre\bin\nio.dll
0x00007fff88010000 - 0x00007fff88028000 	C:\Users\AYSU YÝÐÝT\AppData\Local\Microsoft\VisualStudio\17.0_3557f2d7\Extensions\zjcedz1n.vh0\Sloop\jre\bin\zip.dll
0x00007fffdc1f0000 - 0x00007fffdc200000 	C:\USERS\AYSU YÝÐÝT\APPDATA\LOCAL\MICROSOFT\VISUALSTUDIO\17.0_3557F2D7\EXTENSIONS\ZJCEDZ1N.VH0\Sloop\jre\bin\verify.dll
0x00007ffff4730000 - 0x00007ffff4748000 	C:\WINDOWS\SYSTEM32\CRYPTSP.dll
0x00007ffff3e10000 - 0x00007ffff3e48000 	C:\WINDOWS\system32\rsaenh.dll
0x00007ffff4cc0000 - 0x00007ffff4cee000 	C:\WINDOWS\SYSTEM32\USERENV.dll
0x00007ffff4750000 - 0x00007ffff475c000 	C:\WINDOWS\SYSTEM32\CRYPTBASE.dll
0x00007ffff4200000 - 0x00007ffff423b000 	C:\WINDOWS\SYSTEM32\IPHLPAPI.DLL
0x00007ffff7650000 - 0x00007ffff7658000 	C:\WINDOWS\System32\NSI.dll
0x00007fffeaf20000 - 0x00007fffeaf37000 	C:\WINDOWS\SYSTEM32\dhcpcsvc6.DLL
0x00007fffeaf00000 - 0x00007fffeaf1d000 	C:\WINDOWS\SYSTEM32\dhcpcsvc.DLL
0x00007ffff4250000 - 0x00007ffff431a000 	C:\WINDOWS\SYSTEM32\DNSAPI.dll
0x00007fffd9730000 - 0x00007fffd973e000 	C:\Users\AYSU YÝÐÝT\AppData\Local\Microsoft\VisualStudio\17.0_3557f2d7\Extensions\zjcedz1n.vh0\Sloop\jre\bin\sunmscapi.dll
0x00007ffff5130000 - 0x00007ffff528d000 	C:\WINDOWS\System32\CRYPT32.dll
0x00007ffff48b0000 - 0x00007ffff48d7000 	C:\WINDOWS\SYSTEM32\ncrypt.dll
0x00007ffff4870000 - 0x00007ffff48ab000 	C:\WINDOWS\SYSTEM32\NTASN1.dll
0x00007fffeaf40000 - 0x00007fffeaf47000 	C:\WINDOWS\system32\wshunix.dll
0x00007fffd9440000 - 0x00007fffd9449000 	C:\Users\AYSU YÝÐÝT\AppData\Local\Microsoft\VisualStudio\17.0_3557f2d7\Extensions\zjcedz1n.vh0\Sloop\jre\bin\management.dll
0x00007fffd9320000 - 0x00007fffd932b000 	C:\Users\AYSU YÝÐÝT\AppData\Local\Microsoft\VisualStudio\17.0_3557f2d7\Extensions\zjcedz1n.vh0\Sloop\jre\bin\management_ext.dll
0x00007ffff57a0000 - 0x00007ffff57a8000 	C:\WINDOWS\System32\PSAPI.DLL
0x00007fffce000000 - 0x00007fffce017000 	C:\WINDOWS\system32\napinsp.dll
0x00007fffcdfd0000 - 0x00007fffcdfeb000 	C:\WINDOWS\system32\pnrpnsp.dll
0x00007fffeede0000 - 0x00007fffeedfd000 	C:\WINDOWS\system32\wshbth.dll
0x00007fffefb20000 - 0x00007fffefb3d000 	C:\WINDOWS\system32\NLAapi.dll
0x00007fffcddd0000 - 0x00007fffcdde2000 	C:\WINDOWS\System32\winrnr.dll
0x00007fffeac20000 - 0x00007fffeac2a000 	C:\Windows\System32\rasadhlp.dll
0x00007fffe8470000 - 0x00007fffe84f0000 	C:\WINDOWS\System32\fwpuclnt.dll

dbghelp: loaded successfully - version: 4.0.5 - missing functions: none
symbol engine: initialized successfully - sym options: 0x614 - pdb path: .;C:\USERS\AYSU YÝÐÝT\APPDATA\LOCAL\MICROSOFT\VISUALSTUDIO\17.0_3557F2D7\EXTENSIONS\ZJCEDZ1N.VH0\Sloop\jre\bin;C:\WINDOWS\SYSTEM32;C:\WINDOWS\WinSxS\amd64_microsoft.windows.common-controls_6595b64144ccf1df_6.0.19041.5915_none_60b4b9d171f9c7c7;C:\USERS\AYSU YÝÐÝT\APPDATA\LOCAL\MICROSOFT\VISUALSTUDIO\17.0_3557F2D7\EXTENSIONS\ZJCEDZ1N.VH0\Sloop\jre\bin\server

VM Arguments:
java_command: org.sonarsource.sonarlint.core.backend.cli.SonarLintServerCli
java_class_path (initial): C:\USERS\AYSU YÝÐÝT\APPDATA\LOCAL\MICROSOFT\VISUALSTUDIO\17.0_3557F2D7\EXTENSIONS\ZJCEDZ1N.VH0\Sloop\lib\annotations-13.0.jar;C:\USERS\AYSU YÝÐÝT\APPDATA\LOCAL\MICROSOFT\VISUALSTUDIO\17.0_3557F2D7\EXTENSIONS\ZJCEDZ1N.VH0\Sloop\lib\checker-qual-3.43.0.jar;C:\USERS\AYSU YÝÐÝT\APPDATA\LOCAL\MICROSOFT\VISUALSTUDIO\17.0_3557F2D7\EXTENSIONS\ZJCEDZ1N.VH0\Sloop\lib\commons-codec-1.17.2.jar;C:\USERS\AYSU YÝÐÝT\APPDATA\LOCAL\MICROSOFT\VISUALSTUDIO\17.0_3557F2D7\EXTENSIONS\ZJCEDZ1N.VH0\Sloop\lib\commons-compress-1.27.1.jar;C:\USERS\AYSU YÝÐÝT\APPDATA\LOCAL\MICROSOFT\VISUALSTUDIO\17.0_3557F2D7\EXTENSIONS\ZJCEDZ1N.VH0\Sloop\lib\commons-csv-1.13.0.jar;C:\USERS\AYSU YÝÐÝT\APPDATA\LOCAL\MICROSOFT\VISUALSTUDIO\17.0_3557F2D7\EXTENSIONS\ZJCEDZ1N.VH0\Sloop\lib\commons-io-2.18.0.jar;C:\USERS\AYSU YÝÐÝT\APPDATA\LOCAL\MICROSOFT\VISUALSTUDIO\17.0_3557F2D7\EXTENSIONS\ZJCEDZ1N.VH0\Sloop\lib\commons-lang-2.6.jar;C:\USERS\AYSU YÝÐÝT\APPDATA\LOCAL\MICROSOFT\VISUALSTUDIO\17.0_3557F2D7\EXTENSIONS\ZJCEDZ1N.VH0\Sloop\lib\commons-lang3-3.17.0.jar;C:\USERS\AYSU YÝÐÝT\APPDATA\LOCAL\MICROSOFT\VISUALSTUDIO\17.0_3557F2D7\EXTENSIONS\ZJCEDZ1N.VH0\Sloop\lib\error_prone_annotations-2.36.0.jar;C:\USERS\AYSU YÝÐÝT\APPDATA\LOCAL\MICROSOFT\VISUALSTUDIO\17.0_3557F2D7\EXTENSIONS\ZJCEDZ1N.VH0\Sloop\lib\failureaccess-1.0.2.jar;C:\USERS\AYSU YÝÐÝT\APPDATA\LOCAL\MICROSOFT\VISUALSTUDIO\17.0_3557F2D7\EXTENSIONS\ZJCEDZ1N.VH0\Sloop\lib\git-files-blame-2.0.0.2053.jar;C:\USERS\AYSU YÝÐÝT\APPDATA\LOCAL\MICROSOFT\VISUALSTUDIO\17.0_3557F2D7\EXTENSIONS\ZJCEDZ1N.VH0\Sloop\lib\gson-2.10.jar;C:\USERS\AYSU YÝÐÝT\APPDATA\LOCAL\MICROSOFT\VISUALSTUDIO\17.0_3557F2D7\EXTENSIONS\ZJCEDZ1N.VH0\Sloop\lib\guava-33.4.0-jre.jar;C:\USERS\AYSU YÝÐÝT\APPDATA\LOCAL\MICROSOFT\VISUALSTUDIO\17.0_3557F2D7\EXTENSIONS\ZJCEDZ1N.VH0\Sloop\lib\httpclient5-5.4.4.jar;C:\USERS\AYSU YÝÐÝT\APPDATA\LOCAL\MICROSOFT\VISUALSTUDIO\17.0_3557F2D7\EXTENSIONS\ZJCEDZ1N.VH0\Sloop\lib\httpcore5-5.3.2.jar;C:\USERS\AYSU YÝÐÝT\APPDATA\LOCAL\MICROS
Launcher Type: SUN_STANDARD

[Global flags]
     intx CICompilerCount                          = 4                                         {product} {ergonomic}
     uint ConcGCThreads                            = 2                                         {product} {ergonomic}
     uint G1ConcRefinementThreads                  = 8                                         {product} {ergonomic}
   size_t G1HeapRegionSize                         = 1048576                                   {product} {ergonomic}
    uintx GCDrainStackTargetSize                   = 64                                        {product} {ergonomic}
   size_t InitialHeapSize                          = 134217728                                 {product} {ergonomic}
   size_t MarkStackSize                            = 4194304                                   {product} {ergonomic}
   size_t MaxHeapSize                              = 2118123520                                {product} {ergonomic}
   size_t MaxNewSize                               = 1270874112                                {product} {ergonomic}
   size_t MinHeapDeltaBytes                        = 1048576                                   {product} {ergonomic}
   size_t MinHeapSize                              = 8388608                                   {product} {ergonomic}
    uintx NonNMethodCodeHeapSize                   = 5839372                                {pd product} {ergonomic}
    uintx NonProfiledCodeHeapSize                  = 122909434                              {pd product} {ergonomic}
    uintx ProfiledCodeHeapSize                     = 122909434                              {pd product} {ergonomic}
    uintx ReservedCodeCacheSize                    = 251658240                              {pd product} {ergonomic}
     bool SegmentedCodeCache                       = true                                      {product} {ergonomic}
   size_t SoftMaxHeapSize                          = 2118123520                             {manageable} {ergonomic}
     bool UseCompressedClassPointers               = true                           {product lp64_product} {ergonomic}
     bool UseCompressedOops                        = true                           {product lp64_product} {ergonomic}
     bool UseG1GC                                  = true                                      {product} {ergonomic}
     bool UseLargePagesIndividualAllocation        = false                                  {pd product} {ergonomic}

Logging:
Log output configuration:
 #0: stdout all=warning uptime,level,tags
 #1: stderr all=off uptime,level,tags

Environment Variables:
PATH=C:\Program Files\Common Files\Oracle\Java\javapath;C:\Program Files\Python36\Scripts\;C:\Program Files\Python36\;C:\Python311\Scripts\;C:\Python311\;C:\Program Files (x86)\VMware\VMware Workstation\bin\;C:\Program Files (x86)\Common Files\Oracle\Java\javapath;C:\ProgramData\Oracle\Java\javapath;C:\Windows\system32;C:\Windows;C:\Windows\System32\Wbem;C:\Windows\System32\WindowsPowerShell\v1.0\;C:\Windows\System32\OpenSSH\;C:\Program Files (x86)\NVIDIA Corporation\PhysX\Common;C:\Program Files\NVIDIA Corporation\NVIDIA NvDLISR;C:\WINDOWS\system32;C:\WINDOWS;C:\WINDOWS\System32\Wbem;C:\WINDOWS\System32\WindowsPowerShell\v1.0\;C:\WINDOWS\System32\OpenSSH\;C:\Program Files (x86)\Microsoft SQL Server\150\Tools\Binn\;C:\Program Files\Microsoft SQL Server\150\Tools\Binn\;C:\Program Files (x86)\Microsoft SQL Server\150\DTS\Binn\;C:\Program Files\Microsoft SQL Server\150\DTS\Binn\;C:\Program Files\Microsoft SQL Server\Client SDK\ODBC\170\Tools\Binn\;C:\Program Files\Azure Data Studio\bin;C:\Program Files\Microsoft SQL Server\130\Tools\Binn\;C:\ProgramData\chocolatey\bin;C:\Program Files\dotnet\;C:\Program Files\Docker\Docker\resources\bin;C:\Program Files\Go\bin;C:\sqlite;C:\mingw-w64\bin;C:\Program Files\nodejs\;C:\Program Files\Git\cmd;C:\Program Files\apache-maven-3.9.9\bin;C:\Program Files\MySQL\MySQL Shell 8.0\bin\;C:\Users\AYSU YÝÐÝT\AppData\Local\Microsoft\WindowsApp;C:\Users\AYSU YÝÐÝT\AppData\Local\Programs\Microsoft VS Code\bin;C:\Users\AYSU YÝÐÝT\AppData\Local\GitHubDesktop\bin;C:\Program Files\Azure Data Studio\bin;C:\Users\AYSU YÝÐÝT\.dotnet\tools;C:\Users\AYSU YÝÐÝT\go\bin;C:\sqlite;C:\Users\AYSU YÝÐÝT\AppData\Roaming\npm;C:\Program Files\JetBrains\IntelliJ IDEA Community Edition 2024.3.2.2\bin;
USERNAME=aysu
OS=Windows_NT
PROCESSOR_IDENTIFIER=Intel64 Family 6 Model 158 Stepping 10, GenuineIntel
TMP=C:\Users\AYSUYT~1\AppData\Local\Temp
TEMP=C:\Users\AYSUYT~1\AppData\Local\Temp



Periodic native trim disabled


---------------  S Y S T E M  ---------------

OS:
 Windows 10 , 64 bit Build 19041 (10.0.19041.5915)
OS uptime: 5 days 9:54 hours
Hyper-V role detected

CPU: total 8 (initial active 8) (4 cores per cpu, 2 threads per core) family 6 model 158 stepping 10 microcode 0xc6, cx8, cmov, fxsr, ht, mmx, 3dnowpref, sse, sse2, sse3, ssse3, sse4.1, sse4.2, popcnt, lzcnt, tsc, tscinvbit, avx, avx2, aes, erms, clmul, bmi1, bmi2, adx, fma, vzeroupper, clflush, clflushopt, hv
Processor Information for all 8 processors :
  Max Mhz: 2400, Current Mhz: 2400, Mhz Limit: 2400

Memory: 4k page, system-wide physical 8072M (183M free)
TotalPageFile size 32648M (AvailPageFile size 3M)
current process WorkingSet (physical memory assigned to process): 152M, peak: 168M
current process commit charge ("private bytes"): 191M, peak: 268M

vm_info: OpenJDK 64-Bit Server VM (17.0.9+9) for windows-amd64 JRE (17.0.9+9), built on Oct 26 2023 14:01:42 by "admin" with MS VC++ 16.10 / 16.11 (VS2019)

END.
